<?xml version="1.0" encoding="UTF-8"?>
<!-- Generated by org.testng.reporters.JUnitReportReporter -->
<testsuite hostname="DESKTOP-5HUIDG3" failures="0" tests="7" name="com.runnerClass.TestRunner" time="0.832" errors="0" timestamp="2020-12-20T22:31:33 IST" skipped="0">
  <testcase classname="com.runnerClass.TestRunner" name="runScenario" time="0.067"/>
  <system-out/>
  <testcase classname="com.runnerClass.TestRunner" name="runScenario" time="0.017"/>
  <system-out/>
  <testcase classname="com.runnerClass.TestRunner" name="runScenario" time="0.103"/>
  <system-out/>
  <testcase classname="com.runnerClass.TestRunner" name="runScenario" time="0.056"/>
  <system-out/>
  <testcase classname="com.runnerClass.TestRunner" name="runScenario" time="0.461"/>
  <system-out/>
  <testcase classname="com.runnerClass.TestRunner" name="runScenario" time="0.024"/>
  <system-out/>
  <testcase classname="com.runnerClass.TestRunner" name="runScenario" time="0.104"/>
  <system-out/>
</testsuite> <!-- com.runnerClass.TestRunner -->
